Started GET "/" for ::1 at 2019-05-23 10:04:56 -0400
  
ActiveRecord::NoDatabaseError (FATAL:  database "songs_app_api_development" does not exist
):
  
activerecord (5.2.3) lib/active_record/connection_adapters/postgresql_adapter.rb:696:in `rescue in connect'
activerecord (5.2.3) lib/active_record/connection_adapters/postgresql_adapter.rb:691:in `connect'
activerecord (5.2.3) lib/active_record/connection_adapters/postgresql_adapter.rb:223:in `initialize'
activerecord (5.2.3) lib/active_record/connection_adapters/postgresql_adapter.rb:48:in `new'
activerecord (5.2.3) lib/active_record/connection_adapters/postgresql_adapter.rb:48:in `postgresql_connection'
activerecord (5.2.3) lib/active_record/connection_adapters/abstract/connection_pool.rb:811:in `new_connection'
activerecord (5.2.3) lib/active_record/connection_adapters/abstract/connection_pool.rb:855:in `checkout_new_connection'
activerecord (5.2.3) lib/active_record/connection_adapters/abstract/connection_pool.rb:834:in `try_to_checkout_new_connection'
activerecord (5.2.3) lib/active_record/connection_adapters/abstract/connection_pool.rb:795:in `acquire_connection'
activerecord (5.2.3) lib/active_record/connection_adapters/abstract/connection_pool.rb:523:in `checkout'
activerecord (5.2.3) lib/active_record/connection_adapters/abstract/connection_pool.rb:382:in `connection'
activerecord (5.2.3) lib/active_record/connection_adapters/abstract/connection_pool.rb:1014:in `retrieve_connection'
activerecord (5.2.3) lib/active_record/connection_handling.rb:118:in `retrieve_connection'
activerecord (5.2.3) lib/active_record/connection_handling.rb:90:in `connection'
activerecord (5.2.3) lib/active_record/migration.rb:554:in `call'
actionpack (5.2.3) lib/action_dispatch/middleware/callbacks.rb:28:in `block in call'
activesupport (5.2.3) lib/active_support/callbacks.rb:98:in `run_callbacks'
actionpack (5.2.3) lib/action_dispatch/middleware/callbacks.rb:26:in `call'
actionpack (5.2.3) lib/action_dispatch/middleware/executor.rb:14:in `call'
actionpack (5.2.3) lib/action_dispatch/middleware/debug_exceptions.rb:61:in `call'
actionpack (5.2.3) lib/action_dispatch/middleware/show_exceptions.rb:33:in `call'
railties (5.2.3) lib/rails/rack/logger.rb:38:in `call_app'
railties (5.2.3) lib/rails/rack/logger.rb:26:in `block in call'
activesupport (5.2.3) lib/active_support/tagged_logging.rb:71:in `block in tagged'
activesupport (5.2.3) lib/active_support/tagged_logging.rb:28:in `tagged'
activesupport (5.2.3) lib/active_support/tagged_logging.rb:71:in `tagged'
railties (5.2.3) lib/rails/rack/logger.rb:26:in `call'
actionpack (5.2.3) lib/action_dispatch/middleware/remote_ip.rb:81:in `call'
actionpack (5.2.3) lib/action_dispatch/middleware/request_id.rb:27:in `call'
rack (2.0.7) lib/rack/runtime.rb:22:in `call'
activesupport (5.2.3) lib/active_support/cache/strategy/local_cache_middleware.rb:29:in `call'
actionpack (5.2.3) lib/action_dispatch/middleware/executor.rb:14:in `call'
actionpack (5.2.3) lib/action_dispatch/middleware/static.rb:127:in `call'
rack (2.0.7) lib/rack/sendfile.rb:111:in `call'
railties (5.2.3) lib/rails/engine.rb:524:in `call'
puma (3.12.1) lib/puma/configuration.rb:227:in `call'
puma (3.12.1) lib/puma/server.rb:660:in `handle_request'
puma (3.12.1) lib/puma/server.rb:474:in `process_client'
puma (3.12.1) lib/puma/server.rb:334:in `block in run'
puma (3.12.1) lib/puma/thread_pool.rb:135:in `block in spawn_thread'
  [1m[35m (563.1ms)[0m  [1m[35mCREATE DATABASE "songs_app_api_development" ENCODING = 'unicode'[0m
  ↳ /Users/donovan/.rvm/gems/ruby-2.6.3/gems/bootsnap-1.4.4/lib/bootsnap/load_path_cache/core_ext/kernel_require.rb:22
  [1m[35m (433.5ms)[0m  [1m[35mCREATE DATABASE "songs_app_api_test" ENCODING = 'unicode'[0m
  ↳ /Users/donovan/.rvm/gems/ruby-2.6.3/gems/bootsnap-1.4.4/lib/bootsnap/load_path_cache/core_ext/kernel_require.rb:22
Started GET "/" for ::1 at 2019-05-23 10:05:21 -0400
Processing by Rails::WelcomeController#index as HTML
  Rendering /Users/donovan/.rvm/rubies/ruby-2.6.3/lib/ruby/gems/2.6.0/gems/railties-5.2.3/lib/rails/templates/rails/welcome/index.html.erb
  Rendered /Users/donovan/.rvm/rubies/ruby-2.6.3/lib/ruby/gems/2.6.0/gems/railties-5.2.3/lib/rails/templates/rails/welcome/index.html.erb (1.9ms)
Completed 200 OK in 4ms (Views: 3.1ms | ActiveRecord: 0.0ms)


  [1m[35m (33.5ms)[0m  [1m[35mCREATE TABLE "schema_migrations" ("version" character varying NOT NULL PRIMARY KEY)[0m
  ↳ /Users/donovan/.rvm/gems/ruby-2.6.3/gems/bootsnap-1.4.4/lib/bootsnap/load_path_cache/core_ext/kernel_require.rb:22
  [1m[35m (23.9ms)[0m  [1m[35mCREATE TABLE "ar_internal_metadata" ("key" character varying NOT NULL PRIMARY KEY, "value" character varying, "created_at" timestamp NOT NULL, "updated_at" timestamp NOT NULL)[0m
  ↳ /Users/donovan/.rvm/gems/ruby-2.6.3/gems/bootsnap-1.4.4/lib/bootsnap/load_path_cache/core_ext/kernel_require.rb:22
  [1m[35m (0.4ms)[0m  [1m[34mSELECT pg_try_advisory_lock(5838994508422185915)[0m
  ↳ /Users/donovan/.rvm/gems/ruby-2.6.3/gems/bootsnap-1.4.4/lib/bootsnap/load_path_cache/core_ext/kernel_require.rb:22
  [1m[35m (0.4ms)[0m  [1m[34mSELECT "schema_migrations"."version" FROM "schema_migrations" ORDER BY "schema_migrations"."version" ASC[0m
  ↳ /Users/donovan/.rvm/gems/ruby-2.6.3/gems/bootsnap-1.4.4/lib/bootsnap/load_path_cache/core_ext/kernel_require.rb:22
Migrating to CreateSongs (20190523140546)
  [1m[35m (0.1ms)[0m  [1m[35mBEGIN[0m
  ↳ /Users/donovan/.rvm/gems/ruby-2.6.3/gems/bootsnap-1.4.4/lib/bootsnap/load_path_cache/core_ext/kernel_require.rb:22
  [1m[35m (27.5ms)[0m  [1m[35mCREATE TABLE "songs" ("id" bigserial primary key, "title" character varying, "artist_name" character varying, "artwork" character varying)[0m
  ↳ db/migrate/20190523140546_create_songs.rb:3
  [1m[36mActiveRecord::SchemaMigration Create (0.7ms)[0m  [1m[32mINSERT INTO "schema_migrations" ("version") VALUES ($1) RETURNING "version"[0m  [["version", "20190523140546"]]
  ↳ /Users/donovan/.rvm/gems/ruby-2.6.3/gems/bootsnap-1.4.4/lib/bootsnap/load_path_cache/core_ext/kernel_require.rb:22
  [1m[35m (0.5ms)[0m  [1m[35mCOMMIT[0m
  ↳ /Users/donovan/.rvm/gems/ruby-2.6.3/gems/bootsnap-1.4.4/lib/bootsnap/load_path_cache/core_ext/kernel_require.rb:22
  [1m[36mActiveRecord::InternalMetadata Load (0.3ms)[0m  [1m[34mSELECT  "ar_internal_metadata".* FROM "ar_internal_metadata" WHERE "ar_internal_metadata"."key" = $1 LIMIT $2[0m  [["key", "environment"], ["LIMIT", 1]]
  ↳ /Users/donovan/.rvm/gems/ruby-2.6.3/gems/bootsnap-1.4.4/lib/bootsnap/load_path_cache/core_ext/kernel_require.rb:22
  [1m[35m (0.1ms)[0m  [1m[35mBEGIN[0m
  ↳ /Users/donovan/.rvm/gems/ruby-2.6.3/gems/bootsnap-1.4.4/lib/bootsnap/load_path_cache/core_ext/kernel_require.rb:22
  [1m[36mActiveRecord::InternalMetadata Create (0.4ms)[0m  [1m[32mINSERT INTO "ar_internal_metadata" ("key", "value", "created_at", "updated_at") VALUES ($1, $2, $3, $4) RETURNING "key"[0m  [["key", "environment"], ["value", "development"], ["created_at", "2019-05-23 14:06:09.811179"], ["updated_at", "2019-05-23 14:06:09.811179"]]
  ↳ /Users/donovan/.rvm/gems/ruby-2.6.3/gems/bootsnap-1.4.4/lib/bootsnap/load_path_cache/core_ext/kernel_require.rb:22
  [1m[35m (5.6ms)[0m  [1m[35mCOMMIT[0m
  ↳ /Users/donovan/.rvm/gems/ruby-2.6.3/gems/bootsnap-1.4.4/lib/bootsnap/load_path_cache/core_ext/kernel_require.rb:22
  [1m[35m (0.2ms)[0m  [1m[34mSELECT pg_advisory_unlock(5838994508422185915)[0m
  ↳ /Users/donovan/.rvm/gems/ruby-2.6.3/gems/bootsnap-1.4.4/lib/bootsnap/load_path_cache/core_ext/kernel_require.rb:22
  [1m[35m (0.3ms)[0m  [1m[34mSELECT "schema_migrations"."version" FROM "schema_migrations" ORDER BY "schema_migrations"."version" ASC[0m
  ↳ /Users/donovan/.rvm/gems/ruby-2.6.3/gems/bootsnap-1.4.4/lib/bootsnap/load_path_cache/core_ext/kernel_require.rb:22
  [1m[35m (0.5ms)[0m  [1m[34mSELECT "schema_migrations"."version" FROM "schema_migrations" ORDER BY "schema_migrations"."version" ASC[0m
  ↳ /Users/donovan/.rvm/gems/ruby-2.6.3/gems/bootsnap-1.4.4/lib/bootsnap/load_path_cache/core_ext/kernel_require.rb:22
  [1m[35m (0.1ms)[0m  [1m[35mBEGIN[0m
  ↳ db/seeds.rb:10
  [1m[36mSong Create (0.8ms)[0m  [1m[32mINSERT INTO "songs" ("title", "artist_name", "artwork") VALUES ($1, $2, $3) RETURNING "id"[0m  [["title", "Venmo tacos asymmetrical brunch fanny pack butcher etsy franzen."], ["artist_name", "Maryland owls"], ["artwork", "https://placehold.it/50x50.png"]]
  ↳ db/seeds.rb:10
  [1m[35m (10.9ms)[0m  [1m[35mCOMMIT[0m
  ↳ db/seeds.rb:10
  [1m[35m (0.2ms)[0m  [1m[35mBEGIN[0m
  ↳ db/seeds.rb:10
  [1m[36mSong Create (0.4ms)[0m  [1m[32mINSERT INTO "songs" ("title", "artist_name", "artwork") VALUES ($1, $2, $3) RETURNING "id"[0m  [["title", "Sustainable umami chicharrones."], ["artist_name", "Montana frogs"], ["artwork", "https://placehold.it/50x50.png"]]
  ↳ db/seeds.rb:10
  [1m[35m (5.1ms)[0m  [1m[35mCOMMIT[0m
  ↳ db/seeds.rb:10
  [1m[35m (0.2ms)[0m  [1m[35mBEGIN[0m
  ↳ db/seeds.rb:10
  [1m[36mSong Create (0.4ms)[0m  [1m[32mINSERT INTO "songs" ("title", "artist_name", "artwork") VALUES ($1, $2, $3) RETURNING "id"[0m  [["title", "Deep v organic kale chips lo-fi."], ["artist_name", "Massachusetts elves"], ["artwork", "https://placehold.it/50x50.png"]]
  ↳ db/seeds.rb:10
  [1m[35m (0.3ms)[0m  [1m[35mCOMMIT[0m
  ↳ db/seeds.rb:10
  [1m[35m (0.1ms)[0m  [1m[35mBEGIN[0m
  ↳ db/seeds.rb:10
  [1m[36mSong Create (0.3ms)[0m  [1m[32mINSERT INTO "songs" ("title", "artist_name", "artwork") VALUES ($1, $2, $3) RETURNING "id"[0m  [["title", "Freegan normcore lomo salvia."], ["artist_name", "Delaware vampires"], ["artwork", "https://placehold.it/50x50.png"]]
  ↳ db/seeds.rb:10
  [1m[35m (0.3ms)[0m  [1m[35mCOMMIT[0m
  ↳ db/seeds.rb:10
  [1m[35m (0.1ms)[0m  [1m[35mBEGIN[0m
  ↳ db/seeds.rb:10
  [1m[36mSong Create (0.2ms)[0m  [1m[32mINSERT INTO "songs" ("title", "artist_name", "artwork") VALUES ($1, $2, $3) RETURNING "id"[0m  [["title", "Forage asymmetrical meggings hammock."], ["artist_name", "Maine gooses"], ["artwork", "https://placehold.it/50x50.png"]]
  ↳ db/seeds.rb:10
  [1m[35m (0.3ms)[0m  [1m[35mCOMMIT[0m
  ↳ db/seeds.rb:10
  [1m[35m (0.1ms)[0m  [1m[35mBEGIN[0m
  ↳ db/seeds.rb:10
  [1m[36mSong Create (0.2ms)[0m  [1m[32mINSERT INTO "songs" ("title", "artist_name", "artwork") VALUES ($1, $2, $3) RETURNING "id"[0m  [["title", "Flannel sartorial squid tote bag +1 fashion axe."], ["artist_name", "New Mexico dragons"], ["artwork", "https://placehold.it/50x50.png"]]
  ↳ db/seeds.rb:10
  [1m[35m (0.3ms)[0m  [1m[35mCOMMIT[0m
  ↳ db/seeds.rb:10
  [1m[35m (0.1ms)[0m  [1m[35mBEGIN[0m
  ↳ db/seeds.rb:10
  [1m[36mSong Create (0.2ms)[0m  [1m[32mINSERT INTO "songs" ("title", "artist_name", "artwork") VALUES ($1, $2, $3) RETURNING "id"[0m  [["title", "Vegan twee godard 3 wolf moon lomo."], ["artist_name", "Florida buffalo"], ["artwork", "https://placehold.it/50x50.png"]]
  ↳ db/seeds.rb:10
  [1m[35m (0.3ms)[0m  [1m[35mCOMMIT[0m
  ↳ db/seeds.rb:10
  [1m[35m (0.1ms)[0m  [1m[35mBEGIN[0m
  ↳ db/seeds.rb:10
  [1m[36mSong Create (0.2ms)[0m  [1m[32mINSERT INTO "songs" ("title", "artist_name", "artwork") VALUES ($1, $2, $3) RETURNING "id"[0m  [["title", "Squid freegan seitan park letterpress forage scenester."], ["artist_name", "California ants"], ["artwork", "https://placehold.it/50x50.png"]]
  ↳ db/seeds.rb:10
  [1m[35m (0.3ms)[0m  [1m[35mCOMMIT[0m
  ↳ db/seeds.rb:10
  [1m[35m (0.2ms)[0m  [1m[35mBEGIN[0m
  ↳ db/seeds.rb:10
  [1m[36mSong Create (0.2ms)[0m  [1m[32mINSERT INTO "songs" ("title", "artist_name", "artwork") VALUES ($1, $2, $3) RETURNING "id"[0m  [["title", "Fanny pack venmo 8-bit pbr&b park yuccie blog ennui."], ["artist_name", "Kansas ogres"], ["artwork", "https://placehold.it/50x50.png"]]
  ↳ db/seeds.rb:10
  [1m[35m (0.3ms)[0m  [1m[35mCOMMIT[0m
  ↳ db/seeds.rb:10
  [1m[35m (0.1ms)[0m  [1m[35mBEGIN[0m
  ↳ db/seeds.rb:10
  [1m[36mSong Create (0.2ms)[0m  [1m[32mINSERT INTO "songs" ("title", "artist_name", "artwork") VALUES ($1, $2, $3) RETURNING "id"[0m  [["title", "Kale chips normcore keffiyeh."], ["artist_name", "Delaware dragons"], ["artwork", "https://placehold.it/50x50.png"]]
  ↳ db/seeds.rb:10
  [1m[35m (0.3ms)[0m  [1m[35mCOMMIT[0m
  ↳ db/seeds.rb:10
  [1m[36mSong Load (0.4ms)[0m  [1m[34mSELECT "songs".* FROM "songs"[0m
Started GET "/songs" for ::1 at 2019-05-23 10:14:32 -0400
  [1m[35m (0.5ms)[0m  [1m[34mSELECT "schema_migrations"."version" FROM "schema_migrations" ORDER BY "schema_migrations"."version" ASC[0m
  ↳ /Users/donovan/.rvm/gems/ruby-2.6.3/gems/puma-3.12.1/lib/puma/configuration.rb:227
  
ActionController::RoutingError (uninitialized constant SongsController):
  
bootsnap (1.4.4) lib/bootsnap/load_path_cache/core_ext/active_support.rb:79:in `block in load_missing_constant'
bootsnap (1.4.4) lib/bootsnap/load_path_cache/core_ext/active_support.rb:8:in `without_bootsnap_cache'
bootsnap (1.4.4) lib/bootsnap/load_path_cache/core_ext/active_support.rb:79:in `rescue in load_missing_constant'
bootsnap (1.4.4) lib/bootsnap/load_path_cache/core_ext/active_support.rb:58:in `load_missing_constant'
activesupport (5.2.3) lib/active_support/inflector/methods.rb:283:in `const_get'
activesupport (5.2.3) lib/active_support/inflector/methods.rb:283:in `block in constantize'
activesupport (5.2.3) lib/active_support/inflector/methods.rb:281:in `each'
activesupport (5.2.3) lib/active_support/inflector/methods.rb:281:in `inject'
activesupport (5.2.3) lib/active_support/inflector/methods.rb:281:in `constantize'
actionpack (5.2.3) lib/action_dispatch/http/request.rb:88:in `controller_class_for'
actionpack (5.2.3) lib/action_dispatch/http/request.rb:81:in `controller_class'
actionpack (5.2.3) lib/action_dispatch/routing/route_set.rb:46:in `controller'
actionpack (5.2.3) lib/action_dispatch/routing/route_set.rb:32:in `serve'
actionpack (5.2.3) lib/action_dispatch/journey/router.rb:52:in `block in serve'
actionpack (5.2.3) lib/action_dispatch/journey/router.rb:35:in `each'
actionpack (5.2.3) lib/action_dispatch/journey/router.rb:35:in `serve'
actionpack (5.2.3) lib/action_dispatch/routing/route_set.rb:840:in `call'
rack (2.0.7) lib/rack/etag.rb:25:in `call'
rack (2.0.7) lib/rack/conditional_get.rb:25:in `call'
rack (2.0.7) lib/rack/head.rb:12:in `call'
activerecord (5.2.3) lib/active_record/migration.rb:559:in `call'
actionpack (5.2.3) lib/action_dispatch/middleware/callbacks.rb:28:in `block in call'
activesupport (5.2.3) lib/active_support/callbacks.rb:98:in `run_callbacks'
actionpack (5.2.3) lib/action_dispatch/middleware/callbacks.rb:26:in `call'
actionpack (5.2.3) lib/action_dispatch/middleware/executor.rb:14:in `call'
actionpack (5.2.3) lib/action_dispatch/middleware/debug_exceptions.rb:61:in `call'
actionpack (5.2.3) lib/action_dispatch/middleware/show_exceptions.rb:33:in `call'
railties (5.2.3) lib/rails/rack/logger.rb:38:in `call_app'
railties (5.2.3) lib/rails/rack/logger.rb:26:in `block in call'
activesupport (5.2.3) lib/active_support/tagged_logging.rb:71:in `block in tagged'
activesupport (5.2.3) lib/active_support/tagged_logging.rb:28:in `tagged'
activesupport (5.2.3) lib/active_support/tagged_logging.rb:71:in `tagged'
railties (5.2.3) lib/rails/rack/logger.rb:26:in `call'
actionpack (5.2.3) lib/action_dispatch/middleware/remote_ip.rb:81:in `call'
actionpack (5.2.3) lib/action_dispatch/middleware/request_id.rb:27:in `call'
rack (2.0.7) lib/rack/runtime.rb:22:in `call'
activesupport (5.2.3) lib/active_support/cache/strategy/local_cache_middleware.rb:29:in `call'
actionpack (5.2.3) lib/action_dispatch/middleware/executor.rb:14:in `call'
actionpack (5.2.3) lib/action_dispatch/middleware/static.rb:127:in `call'
rack (2.0.7) lib/rack/sendfile.rb:111:in `call'
railties (5.2.3) lib/rails/engine.rb:524:in `call'
puma (3.12.1) lib/puma/configuration.rb:227:in `call'
puma (3.12.1) lib/puma/server.rb:660:in `handle_request'
puma (3.12.1) lib/puma/server.rb:474:in `process_client'
puma (3.12.1) lib/puma/server.rb:334:in `block in run'
puma (3.12.1) lib/puma/thread_pool.rb:135:in `block in spawn_thread'
Started GET "/songs" for ::1 at 2019-05-23 10:18:16 -0400
Processing by SongsController#index as HTML
Completed 200 OK in 0ms (Views: 0.1ms | ActiveRecord: 0.0ms)


Started GET "/songs" for ::1 at 2019-05-23 10:18:46 -0400
Processing by SongsController#index as HTML
  [1m[36mSong Load (0.4ms)[0m  [1m[34mSELECT "songs".* FROM "songs"[0m
  ↳ app/controllers/songs_controller.rb:4
Completed 200 OK in 15ms (Views: 9.9ms | ActiveRecord: 3.7ms)


Started GET "/songs" for ::1 at 2019-05-23 10:20:41 -0400
Processing by SongsController#index as HTML
  [1m[36mSong Load (0.2ms)[0m  [1m[34mSELECT "songs".* FROM "songs"[0m
  ↳ app/controllers/songs_controller.rb:4
Completed 200 OK in 14ms (Views: 9.7ms | ActiveRecord: 3.1ms)


Started GET "/songs/1" for ::1 at 2019-05-23 10:23:12 -0400
Processing by SongsController#show as HTML
  Parameters: {"id"=>"1"}
  [1m[36mSong Load (0.2ms)[0m  [1m[34mSELECT  "songs".* FROM "songs" WHERE "songs"."id" = $1 LIMIT $2[0m  [["id", 1], ["LIMIT", 1]]
  ↳ app/controllers/songs_controller.rb:8
Completed 200 OK in 9ms (Views: 0.2ms | ActiveRecord: 3.0ms)


Started GET "/songs/1" for ::1 at 2019-05-23 10:23:46 -0400
Processing by SongsController#show as HTML
  Parameters: {"id"=>"1"}
  [1m[36mSong Load (0.2ms)[0m  [1m[34mSELECT  "songs".* FROM "songs" WHERE "songs"."id" = $1 LIMIT $2[0m  [["id", 1], ["LIMIT", 1]]
  ↳ app/controllers/songs_controller.rb:9
Completed 200 OK in 8ms (Views: 0.2ms | ActiveRecord: 3.1ms)


Started POST "/songs" for ::1 at 2019-05-23 10:57:55 -0400
Processing by SongsController#create as */*
  Parameters: {"song"=>{"title"=>"postman", "artist_name"=>"queen", "artwork"=>"None"}}
  [1m[35m (0.1ms)[0m  [1m[35mBEGIN[0m
  ↳ app/controllers/songs_controller.rb:14
  [1m[36mSong Create (0.5ms)[0m  [1m[32mINSERT INTO "songs" ("title", "artist_name", "artwork") VALUES ($1, $2, $3) RETURNING "id"[0m  [["title", "postman"], ["artist_name", "queen"], ["artwork", "None"]]
  ↳ app/controllers/songs_controller.rb:14
  [1m[35m (0.7ms)[0m  [1m[35mCOMMIT[0m
  ↳ app/controllers/songs_controller.rb:14
Completed 200 OK in 32ms (Views: 0.2ms | ActiveRecord: 25.2ms)


Started POST "/songs" for ::1 at 2019-05-23 10:59:40 -0400
Processing by SongsController#create as */*
  Parameters: {"song"=>{"title"=>"postman", "jjartist_name"=>"queen", "artwork"=>"None"}}
Unpermitted parameter: :jjartist_name
  [1m[35m (0.2ms)[0m  [1m[35mBEGIN[0m
  ↳ app/controllers/songs_controller.rb:14
  [1m[36mSong Create (0.3ms)[0m  [1m[32mINSERT INTO "songs" ("title", "artwork") VALUES ($1, $2) RETURNING "id"[0m  [["title", "postman"], ["artwork", "None"]]
  ↳ app/controllers/songs_controller.rb:14
  [1m[35m (5.7ms)[0m  [1m[35mCOMMIT[0m
  ↳ app/controllers/songs_controller.rb:14
Completed 200 OK in 9ms (Views: 0.2ms | ActiveRecord: 6.2ms)


Started POST "/songs" for ::1 at 2019-05-23 11:00:08 -0400
Processing by SongsController#create as */*
  Parameters: {"song"=>{"title"=>"postman", "artwork"=>"None"}, "songs"=>{"artist_name"=>"queen"}}
  [1m[35m (0.1ms)[0m  [1m[35mBEGIN[0m
  ↳ app/controllers/songs_controller.rb:14
  [1m[36mSong Create (0.3ms)[0m  [1m[32mINSERT INTO "songs" ("title", "artwork") VALUES ($1, $2) RETURNING "id"[0m  [["title", "postman"], ["artwork", "None"]]
  ↳ app/controllers/songs_controller.rb:14
  [1m[35m (5.5ms)[0m  [1m[35mCOMMIT[0m
  ↳ app/controllers/songs_controller.rb:14
Completed 200 OK in 8ms (Views: 0.2ms | ActiveRecord: 5.9ms)


Started POST "/songs" for ::1 at 2019-05-23 11:00:24 -0400
Processing by SongsController#create as */*
  Parameters: {"song"=>{"title"=>"postman", "artwork"=>"None"}, "songpi"=>{"artist_name"=>"queen"}}
  [1m[35m (0.1ms)[0m  [1m[35mBEGIN[0m
  ↳ app/controllers/songs_controller.rb:14
  [1m[36mSong Create (0.2ms)[0m  [1m[32mINSERT INTO "songs" ("title", "artwork") VALUES ($1, $2) RETURNING "id"[0m  [["title", "postman"], ["artwork", "None"]]
  ↳ app/controllers/songs_controller.rb:14
  [1m[35m (6.0ms)[0m  [1m[35mCOMMIT[0m
  ↳ app/controllers/songs_controller.rb:14
Completed 200 OK in 8ms (Views: 0.3ms | ActiveRecord: 6.3ms)


Started POST "/songs" for ::1 at 2019-05-23 11:01:45 -0400
Processing by SongsController#create as */*
  Parameters: {"song"=>{"title"=>"postman", "njklartist_name"=>"queen", "artwork"=>"None"}}
Unpermitted parameter: :njklartist_name
  [1m[35m (0.1ms)[0m  [1m[35mBEGIN[0m
  ↳ app/controllers/songs_controller.rb:14
  [1m[35m (0.2ms)[0m  [1m[31mROLLBACK[0m
  ↳ app/controllers/songs_controller.rb:14
Completed 200 OK in 12ms (Views: 0.4ms | ActiveRecord: 3.2ms)


Started GET "/songs/5" for ::1 at 2019-05-23 11:05:06 -0400
Processing by SongsController#show as */*
  Parameters: {"song"=>{"title"=>"postman", "njklartist_name"=>"queen", "artwork"=>"None"}, "id"=>"5"}
  [1m[36mSong Load (0.3ms)[0m  [1m[34mSELECT  "songs".* FROM "songs" WHERE "songs"."id" = $1 LIMIT $2[0m  [["id", 5], ["LIMIT", 1]]
  ↳ app/controllers/songs_controller.rb:8
Completed 200 OK in 10ms (Views: 0.3ms | ActiveRecord: 3.5ms)


Started PUT "/songs/5" for ::1 at 2019-05-23 11:05:39 -0400
  
AbstractController::ActionNotFound (The action 'update' could not be found for SongsController):
  
actionpack (5.2.3) lib/abstract_controller/base.rb:129:in `process'
actionpack (5.2.3) lib/action_controller/metal.rb:191:in `dispatch'
actionpack (5.2.3) lib/action_controller/metal.rb:252:in `dispatch'
actionpack (5.2.3) lib/action_dispatch/routing/route_set.rb:52:in `dispatch'
actionpack (5.2.3) lib/action_dispatch/routing/route_set.rb:34:in `serve'
actionpack (5.2.3) lib/action_dispatch/journey/router.rb:52:in `block in serve'
actionpack (5.2.3) lib/action_dispatch/journey/router.rb:35:in `each'
actionpack (5.2.3) lib/action_dispatch/journey/router.rb:35:in `serve'
actionpack (5.2.3) lib/action_dispatch/routing/route_set.rb:840:in `call'
rack (2.0.7) lib/rack/etag.rb:25:in `call'
rack (2.0.7) lib/rack/conditional_get.rb:38:in `call'
rack (2.0.7) lib/rack/head.rb:12:in `call'
activerecord (5.2.3) lib/active_record/migration.rb:559:in `call'
actionpack (5.2.3) lib/action_dispatch/middleware/callbacks.rb:28:in `block in call'
activesupport (5.2.3) lib/active_support/callbacks.rb:98:in `run_callbacks'
actionpack (5.2.3) lib/action_dispatch/middleware/callbacks.rb:26:in `call'
actionpack (5.2.3) lib/action_dispatch/middleware/executor.rb:14:in `call'
actionpack (5.2.3) lib/action_dispatch/middleware/debug_exceptions.rb:61:in `call'
actionpack (5.2.3) lib/action_dispatch/middleware/show_exceptions.rb:33:in `call'
railties (5.2.3) lib/rails/rack/logger.rb:38:in `call_app'
railties (5.2.3) lib/rails/rack/logger.rb:26:in `block in call'
activesupport (5.2.3) lib/active_support/tagged_logging.rb:71:in `block in tagged'
activesupport (5.2.3) lib/active_support/tagged_logging.rb:28:in `tagged'
activesupport (5.2.3) lib/active_support/tagged_logging.rb:71:in `tagged'
railties (5.2.3) lib/rails/rack/logger.rb:26:in `call'
actionpack (5.2.3) lib/action_dispatch/middleware/remote_ip.rb:81:in `call'
actionpack (5.2.3) lib/action_dispatch/middleware/request_id.rb:27:in `call'
rack (2.0.7) lib/rack/runtime.rb:22:in `call'
activesupport (5.2.3) lib/active_support/cache/strategy/local_cache_middleware.rb:29:in `call'
actionpack (5.2.3) lib/action_dispatch/middleware/executor.rb:14:in `call'
actionpack (5.2.3) lib/action_dispatch/middleware/static.rb:127:in `call'
rack (2.0.7) lib/rack/sendfile.rb:111:in `call'
railties (5.2.3) lib/rails/engine.rb:524:in `call'
puma (3.12.1) lib/puma/configuration.rb:227:in `call'
puma (3.12.1) lib/puma/server.rb:660:in `handle_request'
puma (3.12.1) lib/puma/server.rb:474:in `process_client'
puma (3.12.1) lib/puma/server.rb:334:in `block in run'
puma (3.12.1) lib/puma/thread_pool.rb:135:in `block in spawn_thread'
Started PUT "/songs/5" for ::1 at 2019-05-23 11:05:48 -0400
Processing by SongsController#update as */*
  Parameters: {"song"=>{"artist_name"=>"Maine"}, "id"=>"5"}
  [1m[36mSong Load (0.2ms)[0m  [1m[34mSELECT  "songs".* FROM "songs" WHERE "songs"."id" = $1 LIMIT $2[0m  [["id", 5], ["LIMIT", 1]]
  ↳ app/controllers/songs_controller.rb:23
  [1m[35m (0.1ms)[0m  [1m[35mBEGIN[0m
  ↳ app/controllers/songs_controller.rb:24
  [1m[36mSong Update (0.3ms)[0m  [1m[33mUPDATE "songs" SET "artist_name" = $1 WHERE "songs"."id" = $2[0m  [["artist_name", "Maine"], ["id", 5]]
  ↳ app/controllers/songs_controller.rb:24
  [1m[35m (6.1ms)[0m  [1m[35mCOMMIT[0m
  ↳ app/controllers/songs_controller.rb:24
Completed 200 OK in 19ms (Views: 0.3ms | ActiveRecord: 10.6ms)


Started PUT "/songs/5" for ::1 at 2019-05-23 11:08:18 -0400
Processing by SongsController#update as */*
  Parameters: {"song"=>{"title"=>"postman", "artist_name"=>"Maine Geese", "artwork"=>"None"}, "id"=>"5"}
  [1m[36mSong Load (0.4ms)[0m  [1m[34mSELECT  "songs".* FROM "songs" WHERE "songs"."id" = $1 LIMIT $2[0m  [["id", 5], ["LIMIT", 1]]
  ↳ app/controllers/songs_controller.rb:23
  [1m[35m (0.1ms)[0m  [1m[35mBEGIN[0m
  ↳ app/controllers/songs_controller.rb:24
  [1m[36mSong Update (0.4ms)[0m  [1m[33mUPDATE "songs" SET "title" = $1, "artist_name" = $2, "artwork" = $3 WHERE "songs"."id" = $4[0m  [["title", "postman"], ["artist_name", "Maine Geese"], ["artwork", "None"], ["id", 5]]
  ↳ app/controllers/songs_controller.rb:24
  [1m[35m (6.0ms)[0m  [1m[35mCOMMIT[0m
  ↳ app/controllers/songs_controller.rb:24
Completed 200 OK in 10ms (Views: 0.2ms | ActiveRecord: 6.9ms)


Started DELETE "/songs/5" for ::1 at 2019-05-23 11:09:47 -0400
Processing by SongsController#destroy as */*
  Parameters: {"song"=>{"title"=>"postman", "artist_name"=>"Maine Geese", "artwork"=>"None"}, "id"=>"5"}
  [1m[36mSong Load (0.2ms)[0m  [1m[34mSELECT  "songs".* FROM "songs" WHERE "songs"."id" = $1 LIMIT $2[0m  [["id", 5], ["LIMIT", 1]]
  ↳ app/controllers/songs_controller.rb:29
  [1m[35m (0.1ms)[0m  [1m[35mBEGIN[0m
  ↳ app/controllers/songs_controller.rb:29
  [1m[36mSong Destroy (0.2ms)[0m  [1m[31mDELETE FROM "songs" WHERE "songs"."id" = $1[0m  [["id", 5]]
  ↳ app/controllers/songs_controller.rb:29
  [1m[35m (4.6ms)[0m  [1m[35mCOMMIT[0m
  ↳ app/controllers/songs_controller.rb:29
Completed 200 OK in 25ms (Views: 0.1ms | ActiveRecord: 7.9ms)


